# JRE version: OpenJDK Runtime Environment (8.0_152-b02) (build 1.8.0_152-release-1024-b02)
# Java VM: OpenJDK 64-Bit Server VM (25.152-b02 mixed mode windows-amd64 compressed oops)
Heap:
 PSYoungGen      total 296960K, used 147684K [0x00000000e0000000, 0x00000000f4b80000, 0x0000000100000000)
  eden space 266752K, 50% used [0x00000000e0000000,0x00000000e8246570,0x00000000f0480000)
  from space 30208K, 47% used [0x00000000f2e00000,0x00000000f3bf2ba8,0x00000000f4b80000)
  to   space 36352K, 0% used [0x00000000f0480000,0x00000000f0480000,0x00000000f2800000)
 ParOldGen       total 151552K, used 74219K [0x00000000a0000000, 0x00000000a9400000, 0x00000000e0000000)
  object space 151552K, 48% used [0x00000000a0000000,0x00000000a487ac58,0x00000000a9400000)
 Metaspace       used 71229K, capacity 74366K, committed 74584K, reserved 1114112K
  class space    used 9381K, capacity 10018K, committed 10112K, reserved 1048576K
GC Heap History (10 events):
Event: 17.142 GC heap before
{Heap before GC invocations=13 (full 3):
 PSYoungGen      total 194560K, used 14841K [0x00000000e0000000, 0x00000000ed500000, 0x0000000100000000)
  eden space 177152K, 0% used [0x00000000e0000000,0x00000000e0000000,0x00000000ead00000)
  from space 17408K, 85% used [0x00000000ec400000,0x00000000ed27e770,0x00000000ed500000)
  to   space 20480K, 0% used [0x00000000ead00000,0x00000000ead00000,0x00000000ec100000)
 ParOldGen       total 100352K, used 35623K [0x00000000a0000000, 0x00000000a6200000, 0x00000000e0000000)
  object space 100352K, 35% used [0x00000000a0000000,0x00000000a22c9f48,0x00000000a6200000)
 Metaspace       used 57175K, capacity 58992K, committed 59028K, reserved 1099776K
  class space    used 7739K, capacity 8171K, committed 8192K, reserved 1048576K
Event: 17.341 GC heap after
Heap after GC invocations=13 (full 3):
 PSYoungGen      total 194560K, used 0K [0x00000000e0000000, 0x00000000ed500000, 0x0000000100000000)
  eden space 177152K, 0% used [0x00000000e0000000,0x00000000e0000000,0x00000000ead00000)
  from space 17408K, 0% used [0x00000000ec400000,0x00000000ec400000,0x00000000ed500000)
  to   space 20480K, 0% used [0x00000000ead00000,0x00000000ead00000,0x00000000ec100000)
 ParOldGen       total 151552K, used 36018K [0x00000000a0000000, 0x00000000a9400000, 0x00000000e0000000)
  object space 151552K, 23% used [0x00000000a0000000,0x00000000a232cbd8,0x00000000a9400000)
 Metaspace       used 57133K, capacity 58888K, committed 59028K, reserved 1099776K
  class space    used 7723K, capacity 8143K, committed 8192K, reserved 1048576K
}
Event: 19.452 GC heap before
{Heap before GC invocations=14 (full 3):
 PSYoungGen      total 194560K, used 177152K [0x00000000e0000000, 0x00000000ed500000, 0x0000000100000000)
  eden space 177152K, 100% used [0x00000000e0000000,0x00000000ead00000,0x00000000ead00000)
  from space 17408K, 0% used [0x00000000ec400000,0x00000000ec400000,0x00000000ed500000)
  to   space 20480K, 0% used [0x00000000ead00000,0x00000000ead00000,0x00000000ec100000)
 ParOldGen       total 151552K, used 36018K [0x00000000a0000000, 0x00000000a9400000, 0x00000000e0000000)
  object space 151552K, 23% used [0x00000000a0000000,0x00000000a232cbd8,0x00000000a9400000)
 Metaspace       used 64935K, capacity 67556K, committed 67672K, reserved 1107968K
  class space    used 8694K, capacity 9251K, committed 9344K, reserved 1048576K
Event: 19.475 GC heap after
Heap after GC invocations=14 (full 3):
 PSYoungGen      total 197632K, used 10403K [0x00000000e0000000, 0x00000000ef480000, 0x0000000100000000)
  eden space 177152K, 0% used [0x00000000e0000000,0x00000000e0000000,0x00000000ead00000)
  from space 20480K, 50% used [0x00000000ead00000,0x00000000eb728f00,0x00000000ec100000)
  to   space 19456K, 0% used [0x00000000ee180000,0x00000000ee180000,0x00000000ef480000)
 ParOldGen       total 151552K, used 36026K [0x00000000a0000000, 0x00000000a9400000, 0x00000000e0000000)
  object space 151552K, 23% used [0x00000000a0000000,0x00000000a232ebd8,0x00000000a9400000)
 Metaspace       used 64935K, capacity 67556K, committed 67672K, reserved 1107968K
  class space    used 8694K, capacity 9251K, committed 9344K, reserved 1048576K
}
Event: 21.441 GC heap before
{Heap before GC invocations=15 (full 3):
 PSYoungGen      total 197632K, used 187555K [0x00000000e0000000, 0x00000000ef480000, 0x0000000100000000)
  eden space 177152K, 100% used [0x00000000e0000000,0x00000000ead00000,0x00000000ead00000)
  from space 20480K, 50% used [0x00000000ead00000,0x00000000eb728f00,0x00000000ec100000)
  to   space 19456K, 0% used [0x00000000ee180000,0x00000000ee180000,0x00000000ef480000)
 ParOldGen       total 151552K, used 36026K [0x00000000a0000000, 0x00000000a9400000, 0x00000000e0000000)
  object space 151552K, 23% used [0x00000000a0000000,0x00000000a232ebd8,0x00000000a9400000)
 Metaspace       used 65955K, capacity 68672K, committed 68824K, reserved 1107968K
  class space    used 8804K, capacity 9365K, committed 9472K, reserved 1048576K
Event: 21.500 GC heap after
Heap after GC invocations=15 (full 3):
 PSYoungGen      total 222208K, used 19439K [0x00000000e0000000, 0x00000000f0c00000, 0x0000000100000000)
  eden space 202752K, 0% used [0x00000000e0000000,0x00000000e0000000,0x00000000ec600000)
  from space 19456K, 99% used [0x00000000ee180000,0x00000000ef47bc28,0x00000000ef480000)
  to   space 28160K, 0% used [0x00000000ec600000,0x00000000ec600000,0x00000000ee180000)
 ParOldGen       total 151552K, used 53160K [0x00000000a0000000, 0x00000000a9400000, 0x00000000e0000000)
  object space 151552K, 35% used [0x00000000a0000000,0x00000000a33ea218,0x00000000a9400000)
 Metaspace       used 65955K, capacity 68672K, committed 68824K, reserved 1107968K
  class space    used 8804K, capacity 9365K, committed 9472K, reserved 1048576K
}
Event: 23.125 GC heap before
{Heap before GC invocations=16 (full 3):
 PSYoungGen      total 222208K, used 222191K [0x00000000e0000000, 0x00000000f0c00000, 0x0000000100000000)
  eden space 202752K, 100% used [0x00000000e0000000,0x00000000ec600000,0x00000000ec600000)
  from space 19456K, 99% used [0x00000000ee180000,0x00000000ef47bc28,0x00000000ef480000)
  to   space 28160K, 0% used [0x00000000ec600000,0x00000000ec600000,0x00000000ee180000)
 ParOldGen       total 151552K, used 53160K [0x00000000a0000000, 0x00000000a9400000, 0x00000000e0000000)
  object space 151552K, 35% used [0x00000000a0000000,0x00000000a33ea218,0x00000000a9400000)
 Metaspace       used 66232K, capacity 68992K, committed 69336K, reserved 1110016K
  class space    used 8814K, capacity 9377K, committed 9472K, reserved 1048576K
Event: 23.280 GC heap after
Heap after GC invocations=16 (full 3):
 PSYoungGen      total 230912K, used 28129K [0x00000000e0000000, 0x00000000f5300000, 0x0000000100000000)
  eden space 202752K, 0% used [0x00000000e0000000,0x00000000e0000000,0x00000000ec600000)
  from space 28160K, 99% used [0x00000000ec600000,0x00000000ee1784b8,0x00000000ee180000)
  to   space 37888K, 0% used [0x00000000f2e00000,0x00000000f2e00000,0x00000000f5300000)
 ParOldGen       total 151552K, used 68376K [0x00000000a0000000, 0x00000000a9400000, 0x00000000e0000000)
  object space 151552K, 45% used [0x00000000a0000000,0x00000000a42c6010,0x00000000a9400000)
 Metaspace       used 66232K, capacity 68992K, committed 69336K, reserved 1110016K
  class space    used 8814K, capacity 9377K, committed 9472K, reserved 1048576K
}
Event: 25.888 GC heap before
{Heap before GC invocations=17 (full 3):
 PSYoungGen      total 230912K, used 230881K [0x00000000e0000000, 0x00000000f5300000, 0x0000000100000000)
  eden space 202752K, 100% used [0x00000000e0000000,0x00000000ec600000,0x00000000ec600000)
  from space 28160K, 99% used [0x00000000ec600000,0x00000000ee1784b8,0x00000000ee180000)
  to   space 37888K, 0% used [0x00000000f2e00000,0x00000000f2e00000,0x00000000f5300000)
 ParOldGen       total 151552K, used 68376K [0x00000000a0000000, 0x00000000a9400000, 0x00000000e0000000)
  object space 151552K, 45% used [0x00000000a0000000,0x00000000a42c6010,0x00000000a9400000)
 Metaspace       used 67365K, capacity 70216K, committed 70488K, reserved 1110016K
  class space    used 8983K, capacity 9571K, committed 9600K, reserved 1048576K
Event: 25.927 GC heap after
Heap after GC invocations=17 (full 3):
 PSYoungGen      total 296960K, used 14282K [0x00000000e0000000, 0x00000000f4b80000, 0x0000000100000000)
  eden space 266752K, 0% used [0x00000000e0000000,0x00000000e0000000,0x00000000f0480000)
  from space 30208K, 47% used [0x00000000f2e00000,0x00000000f3bf2ba8,0x00000000f4b80000)
  to   space 36352K, 0% used [0x00000000f0480000,0x00000000f0480000,0x00000000f2800000)
 ParOldGen       total 151552K, used 74219K [0x00000000a0000000, 0x00000000a9400000, 0x00000000e0000000)
  object space 151552K, 48% used [0x00000000a0000000,0x00000000a487ac58,0x00000000a9400000)
 Metaspace       used 67365K, capacity 70216K, committed 70488K, reserved 1110016K
  class space    used 8983K, capacity 9571K, committed 9600K, reserved 1048576K
}

