# JRE version: OpenJDK Runtime Environment (8.0_152-b02) (build 1.8.0_152-release-1024-b02)
# Java VM: OpenJDK 64-Bit Server VM (25.152-b02 mixed mode windows-amd64 compressed oops)
Heap:
 PSYoungGen      total 457216K, used 136856K [0x00000000e0000000, 0x0000000100000000, 0x0000000100000000)
  eden space 391680K, 33% used [0x00000000e0000000,0x00000000e802fc60,0x00000000f7e80000)
  from space 65536K, 8% used [0x00000000f7e80000,0x00000000f83f66f8,0x00000000fbe80000)
  to   space 66560K, 0% used [0x00000000fbf00000,0x00000000fbf00000,0x0000000100000000)
 ParOldGen       total 196608K, used 49842K [0x00000000a0000000, 0x00000000ac000000, 0x00000000e0000000)
  object space 196608K, 25% used [0x00000000a0000000,0x00000000a30ac8d8,0x00000000ac000000)
 Metaspace       used 89493K, capacity 95122K, committed 106072K, reserved 1142784K
  class space    used 10897K, capacity 11848K, committed 13440K, reserved 1048576K
GC Heap History (10 events):
Event: 3893.453 GC heap before
{Heap before GC invocations=78 (full 4):
 PSYoungGen      total 381952K, used 362353K [0x00000000e0000000, 0x00000000fdb00000, 0x0000000100000000)
  eden space 332800K, 100% used [0x00000000e0000000,0x00000000f4500000,0x00000000f4500000)
  from space 49152K, 60% used [0x00000000f4500000,0x00000000f61dc7d8,0x00000000f7500000)
  to   space 48640K, 0% used [0x00000000fab80000,0x00000000fab80000,0x00000000fdb00000)
 ParOldGen       total 208384K, used 154745K [0x00000000a0000000, 0x00000000acb80000, 0x00000000e0000000)
  object space 208384K, 74% used [0x00000000a0000000,0x00000000a971e628,0x00000000acb80000)
 Metaspace       used 99496K, capacity 105890K, committed 106072K, reserved 1142784K
  class space    used 12010K, capacity 13388K, committed 13440K, reserved 1048576K
Event: 3893.540 GC heap after
Heap after GC invocations=78 (full 4):
 PSYoungGen      total 422912K, used 48629K [0x00000000e0000000, 0x00000000ff780000, 0x0000000100000000)
  eden space 374272K, 0% used [0x00000000e0000000,0x00000000e0000000,0x00000000f6d80000)
  from space 48640K, 99% used [0x00000000fab80000,0x00000000fdafd6b0,0x00000000fdb00000)
  to   space 63488K, 0% used [0x00000000f6d80000,0x00000000f6d80000,0x00000000fab80000)
 ParOldGen       total 208384K, used 177157K [0x00000000a0000000, 0x00000000acb80000, 0x00000000e0000000)
  object space 208384K, 85% used [0x00000000a0000000,0x00000000aad01430,0x00000000acb80000)
 Metaspace       used 99496K, capacity 105890K, committed 106072K, reserved 1142784K
  class space    used 12010K, capacity 13388K, committed 13440K, reserved 1048576K
}
Event: 3894.809 GC heap before
{Heap before GC invocations=79 (full 4):
 PSYoungGen      total 422912K, used 422190K [0x00000000e0000000, 0x00000000ff780000, 0x0000000100000000)
  eden space 374272K, 99% used [0x00000000e0000000,0x00000000f6cce470,0x00000000f6d80000)
  from space 48640K, 99% used [0x00000000fab80000,0x00000000fdafd6b0,0x00000000fdb00000)
  to   space 63488K, 0% used [0x00000000f6d80000,0x00000000f6d80000,0x00000000fab80000)
 ParOldGen       total 208384K, used 177157K [0x00000000a0000000, 0x00000000acb80000, 0x00000000e0000000)
  object space 208384K, 85% used [0x00000000a0000000,0x00000000aad01430,0x00000000acb80000)
 Metaspace       used 99519K, capacity 105894K, committed 106072K, reserved 1142784K
  class space    used 12010K, capacity 13388K, committed 13440K, reserved 1048576K
Event: 3894.885 GC heap after
Heap after GC invocations=79 (full 4):
 PSYoungGen      total 437760K, used 47680K [0x00000000e0000000, 0x0000000100000000, 0x0000000100000000)
  eden space 374272K, 0% used [0x00000000e0000000,0x00000000e0000000,0x00000000f6d80000)
  from space 63488K, 75% used [0x00000000f6d80000,0x00000000f9c10160,0x00000000fab80000)
  to   space 67072K, 0% used [0x00000000fbe80000,0x00000000fbe80000,0x0000000100000000)
 ParOldGen       total 208384K, used 189893K [0x00000000a0000000, 0x00000000acb80000, 0x00000000e0000000)
  object space 208384K, 91% used [0x00000000a0000000,0x00000000ab971658,0x00000000acb80000)
 Metaspace       used 99519K, capacity 105894K, committed 106072K, reserved 1142784K
  class space    used 12010K, capacity 13388K, committed 13440K, reserved 1048576K
}
Event: 3894.913 GC heap before
{Heap before GC invocations=80 (full 4):
 PSYoungGen      total 437760K, used 420958K [0x00000000e0000000, 0x0000000100000000, 0x0000000100000000)
  eden space 374272K, 99% used [0x00000000e0000000,0x00000000f6c876c0,0x00000000f6d80000)
  from space 63488K, 75% used [0x00000000f6d80000,0x00000000f9c10160,0x00000000fab80000)
  to   space 67072K, 0% used [0x00000000fbe80000,0x00000000fbe80000,0x0000000100000000)
 ParOldGen       total 208384K, used 189893K [0x00000000a0000000, 0x00000000acb80000, 0x00000000e0000000)
  object space 208384K, 91% used [0x00000000a0000000,0x00000000ab971658,0x00000000acb80000)
 Metaspace       used 99519K, capacity 105894K, committed 106072K, reserved 1142784K
  class space    used 12010K, capacity 13388K, committed 13440K, reserved 1048576K
Event: 3894.960 GC heap after
Heap after GC invocations=80 (full 4):
 PSYoungGen      total 458752K, used 37296K [0x00000000e0000000, 0x0000000100000000, 0x0000000100000000)
  eden space 391680K, 0% used [0x00000000e0000000,0x00000000e0000000,0x00000000f7e80000)
  from space 67072K, 55% used [0x00000000fbe80000,0x00000000fe2ec2c8,0x0000000100000000)
  to   space 65536K, 0% used [0x00000000f7e80000,0x00000000f7e80000,0x00000000fbe80000)
 ParOldGen       total 208384K, used 195050K [0x00000000a0000000, 0x00000000acb80000, 0x00000000e0000000)
  object space 208384K, 93% used [0x00000000a0000000,0x00000000abe7aa30,0x00000000acb80000)
 Metaspace       used 99519K, capacity 105894K, committed 106072K, reserved 1142784K
  class space    used 12010K, capacity 13388K, committed 13440K, reserved 1048576K
}
Event: 3894.960 GC heap before
{Heap before GC invocations=81 (full 5):
 PSYoungGen      total 458752K, used 37296K [0x00000000e0000000, 0x0000000100000000, 0x0000000100000000)
  eden space 391680K, 0% used [0x00000000e0000000,0x00000000e0000000,0x00000000f7e80000)
  from space 67072K, 55% used [0x00000000fbe80000,0x00000000fe2ec2c8,0x0000000100000000)
  to   space 65536K, 0% used [0x00000000f7e80000,0x00000000f7e80000,0x00000000fbe80000)
 ParOldGen       total 208384K, used 195050K [0x00000000a0000000, 0x00000000acb80000, 0x00000000e0000000)
  object space 208384K, 93% used [0x00000000a0000000,0x00000000abe7aa30,0x00000000acb80000)
 Metaspace       used 99519K, capacity 105894K, committed 106072K, reserved 1142784K
  class space    used 12010K, capacity 13388K, committed 13440K, reserved 1048576K
Event: 3895.209 GC heap after
Heap after GC invocations=81 (full 5):
 PSYoungGen      total 458752K, used 0K [0x00000000e0000000, 0x0000000100000000, 0x0000000100000000)
  eden space 391680K, 0% used [0x00000000e0000000,0x00000000e0000000,0x00000000f7e80000)
  from space 67072K, 0% used [0x00000000fbe80000,0x00000000fbe80000,0x0000000100000000)
  to   space 65536K, 0% used [0x00000000f7e80000,0x00000000f7e80000,0x00000000fbe80000)
 ParOldGen       total 196608K, used 49842K [0x00000000a0000000, 0x00000000ac000000, 0x00000000e0000000)
  object space 196608K, 25% used [0x00000000a0000000,0x00000000a30ac8d8,0x00000000ac000000)
 Metaspace       used 89454K, capacity 94994K, committed 106072K, reserved 1142784K
  class space    used 10896K, capacity 11848K, committed 13440K, reserved 1048576K
}
Event: 3921.076 GC heap before
{Heap before GC invocations=82 (full 5):
 PSYoungGen      total 458752K, used 391003K [0x00000000e0000000, 0x0000000100000000, 0x0000000100000000)
  eden space 391680K, 99% used [0x00000000e0000000,0x00000000f7dd6fe0,0x00000000f7e80000)
  from space 67072K, 0% used [0x00000000fbe80000,0x00000000fbe80000,0x0000000100000000)
  to   space 65536K, 0% used [0x00000000f7e80000,0x00000000f7e80000,0x00000000fbe80000)
 ParOldGen       total 196608K, used 49842K [0x00000000a0000000, 0x00000000ac000000, 0x00000000e0000000)
  object space 196608K, 25% used [0x00000000a0000000,0x00000000a30ac8d8,0x00000000ac000000)
 Metaspace       used 89482K, capacity 95058K, committed 106072K, reserved 1142784K
  class space    used 10897K, capacity 11848K, committed 13440K, reserved 1048576K
Event: 3921.086 GC heap after
Heap after GC invocations=82 (full 5):
 PSYoungGen      total 457216K, used 5593K [0x00000000e0000000, 0x0000000100000000, 0x0000000100000000)
  eden space 391680K, 0% used [0x00000000e0000000,0x00000000e0000000,0x00000000f7e80000)
  from space 65536K, 8% used [0x00000000f7e80000,0x00000000f83f66f8,0x00000000fbe80000)
  to   space 66560K, 0% used [0x00000000fbf00000,0x00000000fbf00000,0x0000000100000000)
 ParOldGen       total 196608K, used 49842K [0x00000000a0000000, 0x00000000ac000000, 0x00000000e0000000)
  object space 196608K, 25% used [0x00000000a0000000,0x00000000a30ac8d8,0x00000000ac000000)
 Metaspace       used 89482K, capacity 95058K, committed 106072K, reserved 1142784K
  class space    used 10897K, capacity 11848K, committed 13440K, reserved 1048576K
}

